#
# There is insufficient memory for the Java Runtime Environment to continue.
# Native memory allocation (malloc) failed to allocate 1574416 bytes. Error detail: Chunk::new
# Possible reasons:
#   The system is out of physical RAM or swap space
#   This process is running with CompressedOops enabled, and the Java Heap may be blocking the growth of the native heap
# Possible solutions:
#   Reduce memory load on the system
#   Increase physical memory or swap space
#   Check if swap backing store is full
#   Decrease Java heap size (-Xmx/-Xms)
#   Decrease number of Java threads
#   Decrease Java thread stack sizes (-Xss)
#   Set larger code cache with -XX:ReservedCodeCacheSize=
#   JVM is running with Unscaled Compressed Oops mode in which the Java heap is
#     placed in the first 4GB address space. The Java Heap base address is the
#     maximum limit for the native heap growth. Please use -XX:HeapBaseMinAddress
#     to set the Java Heap base and to place the Java Heap above 4GB virtual address.
# This output file may be truncated or incomplete.
#
#  Out of Memory Error (arena.cpp:168), pid=7492, tid=24568
#
# JRE version: OpenJDK Runtime Environment Temurin-21.0.9+10 (21.0.9+10) (build 21.0.9+10-LTS)
# Java VM: OpenJDK 64-Bit Server VM Temurin-21.0.9+10 (21.0.9+10-LTS, mixed mode, sharing, tiered, compressed oops, compressed class ptrs, parallel gc, windows-amd64)
# No core dump will be written. Minidumps are not enabled by default on client versions of Windows
#

---------------  S U M M A R Y ------------

Command Line: -Dfile.encoding=UTF-8 --add-modules=ALL-SYSTEM --add-opens=java.base/java.util=ALL-UNNAMED --add-opens=java.base/java.lang=ALL-UNNAMED --add-opens=java.base/sun.nio.fs=ALL-UNNAMED -Declipse.application=org.eclipse.jdt.ls.core.id1 -Dosgi.bundles.defaultStartLevel=4 -Declipse.product=org.eclipse.jdt.ls.core.product -Djava.import.generatesMetadataFilesAtProjectRoot=false -DDetectVMInstallationsJob.disabled=true -Dfile.encoding=utf8 -XX:+UseParallelGC -XX:GCTimeRatio=4 -XX:AdaptiveSizePolicyWeight=90 -Dsun.zip.disableMemoryMapping=true -Xmx2G -Xms100m -Xlog:disable -javaagent:c:\Users\user\.vscode\extensions\redhat.java-1.50.0-win32-x64\lombok\lombok-1.18.39-4050.jar c:\Users\user\.vscode\extensions\redhat.java-1.50.0-win32-x64\server\plugins\org.eclipse.equinox.launcher_1.7.100.v20251111-0406.jar -configuration c:\Users\user\AppData\Roaming\Code\User\globalStorage\redhat.java\1.50.0\config_ss_win -data c:\Users\user\AppData\Roaming\Code\User\workspaceStorage\60311b44d9e3b4876d454e72075bf5fe\redhat.java\ss_ws --pipe=\\.\pipe\lsp-aaf175d6c4f28645a37cc478865dc6b5-sock

Host: 12th Gen Intel(R) Core(TM) i5-12500H, 16 cores, 15G,  Windows 11 , 64 bit Build 26100 (10.0.26100.7019)
Time: Wed Dec  3 02:53:33 2025 SE Asia Standard Time elapsed time: 9.853426 seconds (0d 0h 0m 9s)

---------------  T H R E A D  ---------------

Current thread (0x00000258dd397cc0):  JavaThread "C2 CompilerThread0" daemon [_thread_in_native, id=24568, stack(0x0000008e32100000,0x0000008e32200000) (1024K)]


Current CompileTask:
C2:9853 2714       4       org.lombokweb.asm.ClassReader::readMethod (1070 bytes)

Stack: [0x0000008e32100000,0x0000008e32200000]
Native frames: (J=compiled Java code, j=interpreted, Vv=VM code, C=native code)
V  [jvm.dll+0x6d6e29]
V  [jvm.dll+0x8b4b76]
V  [jvm.dll+0x8b712e]
V  [jvm.dll+0x8b7813]
V  [jvm.dll+0x283d86]
V  [jvm.dll+0xc66ed]
V  [jvm.dll+0xc6c31]
V  [jvm.dll+0x3be501]
V  [jvm.dll+0x38ab92]
V  [jvm.dll+0x389fda]
V  [jvm.dll+0x24bfa0]
V  [jvm.dll+0x24b580]
V  [jvm.dll+0x1cb13e]
V  [jvm.dll+0x25b29d]
V  [jvm.dll+0x25982a]
V  [jvm.dll+0x3f7ea6]
V  [jvm.dll+0x85e9ad]
V  [jvm.dll+0x6d565d]
C  [ucrtbase.dll+0x37b0]
C  [KERNEL32.DLL+0x2e8d7]
C  [ntdll.dll+0x8c53c]


---------------  P R O C E S S  ---------------

Threads class SMR info:
_java_thread_list=0x00000258e3dd84e0, length=20, elements={
0x00000258c5516b90, 0x00000258dbfb7490, 0x00000258c55bb460, 0x00000258c55c4890,
0x00000258dbfba250, 0x00000258dbfbe5b0, 0x00000258c55c8f20, 0x00000258dd397cc0,
0x00000258dd3a85c0, 0x00000258dd469e80, 0x00000258dd6b2210, 0x00000258e30755a0,
0x00000258e3862840, 0x00000258dd4a19d0, 0x00000258dd41be60, 0x00000258e384f760,
0x00000258e3612c10, 0x00000258dd439e00, 0x00000258e3604a50, 0x00000258e3bf6e00
}

Java Threads: ( => current thread )
  0x00000258c5516b90 JavaThread "main"                              [_thread_blocked, id=15980, stack(0x0000008e31700000,0x0000008e31800000) (1024K)]
  0x00000258dbfb7490 JavaThread "Reference Handler"          daemon [_thread_blocked, id=21480, stack(0x0000008e31b00000,0x0000008e31c00000) (1024K)]
  0x00000258c55bb460 JavaThread "Finalizer"                  daemon [_thread_blocked, id=30424, stack(0x0000008e31c00000,0x0000008e31d00000) (1024K)]
  0x00000258c55c4890 JavaThread "Signal Dispatcher"          daemon [_thread_blocked, id=29420, stack(0x0000008e31d00000,0x0000008e31e00000) (1024K)]
  0x00000258dbfba250 JavaThread "Attach Listener"            daemon [_thread_blocked, id=28200, stack(0x0000008e31e00000,0x0000008e31f00000) (1024K)]
  0x00000258dbfbe5b0 JavaThread "Service Thread"             daemon [_thread_blocked, id=20708, stack(0x0000008e31f00000,0x0000008e32000000) (1024K)]
  0x00000258c55c8f20 JavaThread "Monitor Deflation Thread"   daemon [_thread_blocked, id=10372, stack(0x0000008e32000000,0x0000008e32100000) (1024K)]
=>0x00000258dd397cc0 JavaThread "C2 CompilerThread0"         daemon [_thread_in_native, id=24568, stack(0x0000008e32100000,0x0000008e32200000) (1024K)]
  0x00000258dd3a85c0 JavaThread "C1 CompilerThread0"         daemon [_thread_blocked, id=12300, stack(0x0000008e32200000,0x0000008e32300000) (1024K)]
  0x00000258dd469e80 JavaThread "C1 CompilerThread1"         daemon [_thread_blocked, id=18244, stack(0x0000008e32300000,0x0000008e32400000) (1024K)]
  0x00000258dd6b2210 JavaThread "Common-Cleaner"             daemon [_thread_blocked, id=28856, stack(0x0000008e32800000,0x0000008e32900000) (1024K)]
  0x00000258e30755a0 JavaThread "Notification Thread"        daemon [_thread_blocked, id=408, stack(0x0000008e32900000,0x0000008e32a00000) (1024K)]
  0x00000258e3862840 JavaThread "Active Thread: Equinox Container: 328e9aed-c37f-4640-98ee-2c890e663c9d"        [_thread_blocked, id=18496, stack(0x0000008e33000000,0x0000008e33100000) (1024K)]
  0x00000258dd4a19d0 JavaThread "Framework Event Dispatcher: Equinox Container: 328e9aed-c37f-4640-98ee-2c890e663c9d" daemon [_thread_blocked, id=4920, stack(0x0000008e32400000,0x0000008e32500000) (1024K)]
  0x00000258dd41be60 JavaThread "Start Level: Equinox Container: 328e9aed-c37f-4640-98ee-2c890e663c9d" daemon [_thread_in_native, id=22812, stack(0x0000008e32500000,0x0000008e32600000) (1024K)]
  0x00000258e384f760 JavaThread "SCR Component Actor"        daemon [_thread_blocked, id=4540, stack(0x0000008e32700000,0x0000008e32800000) (1024K)]
  0x00000258e3612c10 JavaThread "C2 CompilerThread1"         daemon [_thread_in_native, id=32908, stack(0x0000008e33100000,0x0000008e33200000) (1024K)]
  0x00000258dd439e00 JavaThread "Worker-JM"                         [_thread_blocked, id=32824, stack(0x0000008e33200000,0x0000008e33300000) (1024K)]
  0x00000258e3604a50 JavaThread "Worker-0"                          [_thread_blocked, id=26144, stack(0x0000008e33600000,0x0000008e33700000) (1024K)]
  0x00000258e3bf6e00 JavaThread "Worker-1"                          [_thread_blocked, id=15196, stack(0x0000008e33700000,0x0000008e33800000) (1024K)]
Total: 20

Other Threads:
  0x00000258dbfa2450 VMThread "VM Thread"                           [id=23052, stack(0x0000008e31a00000,0x0000008e31b00000) (1024K)]
  0x00000258dbe9ca10 WatcherThread "VM Periodic Task Thread"        [id=24340, stack(0x0000008e31900000,0x0000008e31a00000) (1024K)]
  0x00000258c5535480 WorkerThread "GC Thread#0"                     [id=20712, stack(0x0000008e31800000,0x0000008e31900000) (1024K)]
  0x00000258e340c2f0 WorkerThread "GC Thread#1"                     [id=456, stack(0x0000008e32a00000,0x0000008e32b00000) (1024K)]
  0x00000258e3410950 WorkerThread "GC Thread#2"                     [id=16888, stack(0x0000008e32b00000,0x0000008e32c00000) (1024K)]
  0x00000258e37e5c40 WorkerThread "GC Thread#3"                     [id=19512, stack(0x0000008e32c00000,0x0000008e32d00000) (1024K)]
  0x00000258e37e5fe0 WorkerThread "GC Thread#4"                     [id=9000, stack(0x0000008e32d00000,0x0000008e32e00000) (1024K)]
  0x00000258e380acc0 WorkerThread "GC Thread#5"                     [id=31928, stack(0x0000008e32e00000,0x0000008e32f00000) (1024K)]
  0x00000258e380b060 WorkerThread "GC Thread#6"                     [id=4036, stack(0x0000008e32f00000,0x0000008e33000000) (1024K)]
  0x00000258e380bb40 WorkerThread "GC Thread#7"                     [id=31956, stack(0x0000008e32600000,0x0000008e32700000) (1024K)]
  0x00000258e380a920 WorkerThread "GC Thread#8"                     [id=11100, stack(0x0000008e33400000,0x0000008e33500000) (1024K)]
  0x00000258e380b400 WorkerThread "GC Thread#9"                     [id=25092, stack(0x0000008e33500000,0x0000008e33600000) (1024K)]
  0x00000258e380bee0 WorkerThread "GC Thread#10"                    [id=21252, stack(0x0000008e33900000,0x0000008e33a00000) (1024K)]
  0x00000258e3ca7d30 WorkerThread "GC Thread#11"                    [id=12368, stack(0x0000008e33a00000,0x0000008e33b00000) (1024K)]
  0x00000258e3ca6eb0 WorkerThread "GC Thread#12"                    [id=17640, stack(0x0000008e33b00000,0x0000008e33c00000) (1024K)]
Total: 15

Threads with active compile tasks:
C2 CompilerThread0  10883 2714       4       org.lombokweb.asm.ClassReader::readMethod (1070 bytes)
C1 CompilerThread0  10883 3019       3       org.eclipse.core.internal.preferences.EclipsePreferences::get (16 bytes)
C1 CompilerThread1  10883 3018   !   3       org.eclipse.core.internal.preferences.EclipsePreferences::internalGet (62 bytes)
C2 CompilerThread1  10883 2945       4       java.lang.invoke.MethodType::makeImpl (109 bytes)
Total: 4

VM state: not at safepoint (normal execution)

VM Mutex/Monitor currently owned by a thread:  ([mutex/lock_event])
[0x00007fff5ac6c570] CompileThread_lock - owner thread: 0x00000258dd3a85c0
[0x00007fff5ac6dbf0] SystemDictionary_lock - owner thread: 0x0000000000000000

Heap address: 0x0000000080000000, size: 2048 MB, Compressed Oops mode: 32-bit

CDS archive(s) mapped at: [0x0000025880000000-0x0000025880ba0000-0x0000025880ba0000), size 12189696, SharedBaseAddress: 0x0000025880000000, ArchiveRelocationMode: 1.
Compressed class space mapped at: 0x0000025881000000-0x00000258c1000000, reserved size: 1073741824
Narrow klass base: 0x0000025880000000, Narrow klass shift: 0, Narrow klass range: 0x100000000

GC Precious Log:
 CardTable entry size: 512
 CPUs: 16 total, 16 available
 Memory: 16052M
 Large Page Support: Disabled
 NUMA Support: Disabled
 Compressed Oops: Enabled (32-bit)
 Alignments: Space 512K, Generation 512K, Heap 2M
 Heap Min Capacity: 100M
 Heap Initial Capacity: 100M
 Heap Max Capacity: 2G
 Pre-touch: Disabled
 Parallel Workers: 13

Heap:
 PSYoungGen      total 29696K, used 10239K [0x00000000d5580000, 0x00000000d7b00000, 0x0000000100000000)
  eden space 24064K, 42% used [0x00000000d5580000,0x00000000d5f7fcd8,0x00000000d6d00000)
  from space 5632K, 0% used [0x00000000d7380000,0x00000000d7380000,0x00000000d7900000)
  to   space 6656K, 0% used [0x00000000d6d00000,0x00000000d6d00000,0x00000000d7380000)
 ParOldGen       total 68608K, used 9811K [0x0000000080000000, 0x0000000084300000, 0x00000000d5580000)
  object space 68608K, 14% used [0x0000000080000000,0x0000000080994de0,0x0000000084300000)
 Metaspace       used 22126K, committed 22784K, reserved 1114112K
  class space    used 2111K, committed 2432K, reserved 1048576K

Card table byte_map: [0x00000258c4ec0000,0x00000258c52d0000] _byte_map_base: 0x00000258c4ac0000

Marking Bits: (ParMarkBitMap*) 0x00007fff5ac72460
 Begin Bits: [0x00000258d79c0000, 0x00000258d99c0000)
 End Bits:   [0x00000258d99c0000, 0x00000258db9c0000)

Polling page: 0x00000258c3380000

Metaspace:

Usage:
  Non-class:     19.55 MB used.
      Class:      2.06 MB used.
       Both:     21.61 MB used.

Virtual space:
  Non-class space:       64.00 MB reserved,      19.88 MB ( 31%) committed,  1 nodes.
      Class space:        1.00 GB reserved,       2.38 MB ( <1%) committed,  1 nodes.
             Both:        1.06 GB reserved,      22.25 MB (  2%) committed. 

Chunk freelists:
   Non-Class:  11.94 MB
       Class:  13.49 MB
        Both:  25.43 MB

MaxMetaspaceSize: unlimited
CompressedClassSpaceSize: 1.00 GB
Initial GC threshold: 21.00 MB
Current GC threshold: 35.00 MB
CDS: on
 - commit_granule_bytes: 65536.
 - commit_granule_words: 8192.
 - virtual_space_node_default_size: 8388608.
 - enlarge_chunks_in_place: 1.
 - use_allocation_guard: 0.


Internal statistics:

num_allocs_failed_limit: 3.
num_arena_births: 496.
num_arena_deaths: 14.
num_vsnodes_births: 2.
num_vsnodes_deaths: 0.
num_space_committed: 356.
num_space_uncommitted: 0.
num_chunks_returned_to_freelist: 17.
num_chunks_taken_from_freelist: 1314.
num_chunk_merges: 7.
num_chunk_splits: 867.
num_chunks_enlarged: 554.
num_inconsistent_stats: 0.

CodeHeap 'non-profiled nmethods': size=119168Kb used=1229Kb max_used=1229Kb free=117938Kb
 bounds [0x00000258d02b0000, 0x00000258d0520000, 0x00000258d7710000]
CodeHeap 'profiled nmethods': size=119104Kb used=6075Kb max_used=6075Kb free=113028Kb
 bounds [0x00000258c8710000, 0x00000258c8d00000, 0x00000258cfb60000]
CodeHeap 'non-nmethods': size=7488Kb used=1873Kb max_used=3011Kb free=5614Kb
 bounds [0x00000258cfb60000, 0x00000258cfed0000, 0x00000258d02b0000]
CodeCache: size=245760Kb, used=9177Kb, max_used=10315Kb, free=236580Kb
 total_blobs=3601, nmethods=3006, adapters=500, full_count=0
Compilation: enabled, stopped_count=0, restarted_count=0

Compilation events (20 events):
Event: 8.845 Thread 0x00000258e3c640c0 2995  s    3       sun.nio.fs.WindowsDirectoryStream$WindowsDirectoryIterator::next (48 bytes)
Event: 8.845 Thread 0x00000258dd3a85c0 nmethod 2994 0x00000258c8cf0190 code [0x00000258c8cf0340, 0x00000258c8cf0498]
Event: 8.845 Thread 0x00000258e3c640c0 nmethod 2995 0x00000258c8cf0590 code [0x00000258c8cf0760, 0x00000258c8cf0b10]
Event: 8.846 Thread 0x00000258dd469e80 2996       3       sun.nio.fs.WindowsPath$WindowsPathWithAttributes::<init> (23 bytes)
Event: 8.846 Thread 0x00000258dd469e80 nmethod 2996 0x00000258c8cf0c10 code [0x00000258c8cf0de0, 0x00000258c8cf1258]
Event: 8.846 Thread 0x00000258e4556ab0 nmethod 2979 0x00000258c8cf1490 code [0x00000258c8cf1cc0, 0x00000258c8cf6440]
Event: 8.847 Thread 0x00000258e4556ab0 2997       3       java.util.concurrent.atomic.AtomicLong::compareAndSet (13 bytes)
Event: 8.847 Thread 0x00000258dd3a85c0 2998       3       java.util.Random::next (47 bytes)
Event: 8.847 Thread 0x00000258e3c640c0 2999       3       java.util.Random::nextBoolean (14 bytes)
Event: 8.847 Thread 0x00000258e4556ab0 nmethod 2997 0x00000258c8cf8010 code [0x00000258c8cf81a0, 0x00000258c8cf82c8]
Event: 8.847 Thread 0x00000258e3c640c0 nmethod 2999 0x00000258c8cf8390 code [0x00000258c8cf8540, 0x00000258c8cf8768]
Event: 8.847 Thread 0x00000258dd3a85c0 nmethod 2998 0x00000258c8cf8810 code [0x00000258c8cf89c0, 0x00000258c8cf8c28]
Event: 8.967 Thread 0x00000258e3c640c0 3000       3       java.util.concurrent.Semaphore$NonfairSync::tryAcquireShared (6 bytes)
Event: 8.967 Thread 0x00000258dd3a85c0 3001       3       java.util.concurrent.Semaphore$Sync::nonfairTryAcquireShared (27 bytes)
Event: 8.967 Thread 0x00000258e3c640c0 nmethod 3000 0x00000258c8cf8d90 code [0x00000258c8cf8f40, 0x00000258c8cf9078]
Event: 8.967 Thread 0x00000258dd3a85c0 nmethod 3001 0x00000258c8cf9110 code [0x00000258c8cf92c0, 0x00000258c8cf9510]
Event: 9.404 Thread 0x00000258dd469e80 3002       3       java.util.HashSet::isEmpty (8 bytes)
Event: 9.405 Thread 0x00000258dd469e80 nmethod 3002 0x00000258c8cf9610 code [0x00000258c8cf97c0, 0x00000258c8cf9a08]
Event: 9.405 Thread 0x00000258dd469e80 3003       1       java.util.concurrent.atomic.AtomicReference::set (6 bytes)
Event: 9.405 Thread 0x00000258dd469e80 nmethod 3003 0x00000258d03e2d10 code [0x00000258d03e2ea0, 0x00000258d03e2f88]

GC Heap History (14 events):
Event: 0.688 GC heap before
{Heap before GC invocations=1 (full 0):
 PSYoungGen      total 29696K, used 25600K [0x00000000d5580000, 0x00000000d7680000, 0x0000000100000000)
  eden space 25600K, 100% used [0x00000000d5580000,0x00000000d6e80000,0x00000000d6e80000)
  from space 4096K, 0% used [0x00000000d7280000,0x00000000d7280000,0x00000000d7680000)
  to   space 4096K, 0% used [0x00000000d6e80000,0x00000000d6e80000,0x00000000d7280000)
 ParOldGen       total 68608K, used 0K [0x0000000080000000, 0x0000000084300000, 0x00000000d5580000)
  object space 68608K, 0% used [0x0000000080000000,0x0000000080000000,0x0000000084300000)
 Metaspace       used 4155K, committed 4416K, reserved 1114112K
  class space    used 455K, committed 576K, reserved 1048576K
}
Event: 0.693 GC heap after
{Heap after GC invocations=1 (full 0):
 PSYoungGen      total 29696K, used 3707K [0x00000000d5580000, 0x00000000d7680000, 0x0000000100000000)
  eden space 25600K, 0% used [0x00000000d5580000,0x00000000d5580000,0x00000000d6e80000)
  from space 4096K, 90% used [0x00000000d6e80000,0x00000000d721eff8,0x00000000d7280000)
  to   space 4096K, 0% used [0x00000000d7280000,0x00000000d7280000,0x00000000d7680000)
 ParOldGen       total 68608K, used 16K [0x0000000080000000, 0x0000000084300000, 0x00000000d5580000)
  object space 68608K, 0% used [0x0000000080000000,0x0000000080004000,0x0000000084300000)
 Metaspace       used 4155K, committed 4416K, reserved 1114112K
  class space    used 455K, committed 576K, reserved 1048576K
}
Event: 7.197 GC heap before
{Heap before GC invocations=2 (full 0):
 PSYoungGen      total 29696K, used 29307K [0x00000000d5580000, 0x00000000d7680000, 0x0000000100000000)
  eden space 25600K, 100% used [0x00000000d5580000,0x00000000d6e80000,0x00000000d6e80000)
  from space 4096K, 90% used [0x00000000d6e80000,0x00000000d721eff8,0x00000000d7280000)
  to   space 4096K, 0% used [0x00000000d7280000,0x00000000d7280000,0x00000000d7680000)
 ParOldGen       total 68608K, used 16K [0x0000000080000000, 0x0000000084300000, 0x00000000d5580000)
  object space 68608K, 0% used [0x0000000080000000,0x0000000080004000,0x0000000084300000)
 Metaspace       used 8011K, committed 8320K, reserved 1114112K
  class space    used 841K, committed 960K, reserved 1048576K
}
Event: 7.202 GC heap after
{Heap after GC invocations=2 (full 0):
 PSYoungGen      total 29696K, used 4086K [0x00000000d5580000, 0x00000000d7680000, 0x0000000100000000)
  eden space 25600K, 0% used [0x00000000d5580000,0x00000000d5580000,0x00000000d6e80000)
  from space 4096K, 99% used [0x00000000d7280000,0x00000000d767d810,0x00000000d7680000)
  to   space 4096K, 0% used [0x00000000d6e80000,0x00000000d6e80000,0x00000000d7280000)
 ParOldGen       total 68608K, used 825K [0x0000000080000000, 0x0000000084300000, 0x00000000d5580000)
  object space 68608K, 1% used [0x0000000080000000,0x00000000800ce418,0x0000000084300000)
 Metaspace       used 8011K, committed 8320K, reserved 1114112K
  class space    used 841K, committed 960K, reserved 1048576K
}
Event: 7.860 GC heap before
{Heap before GC invocations=3 (full 0):
 PSYoungGen      total 29696K, used 29686K [0x00000000d5580000, 0x00000000d7680000, 0x0000000100000000)
  eden space 25600K, 100% used [0x00000000d5580000,0x00000000d6e80000,0x00000000d6e80000)
  from space 4096K, 99% used [0x00000000d7280000,0x00000000d767d810,0x00000000d7680000)
  to   space 4096K, 0% used [0x00000000d6e80000,0x00000000d6e80000,0x00000000d7280000)
 ParOldGen       total 68608K, used 825K [0x0000000080000000, 0x0000000084300000, 0x00000000d5580000)
  object space 68608K, 1% used [0x0000000080000000,0x00000000800ce418,0x0000000084300000)
 Metaspace       used 12847K, committed 13376K, reserved 1114112K
  class space    used 1353K, committed 1600K, reserved 1048576K
}
Event: 7.865 GC heap after
{Heap after GC invocations=3 (full 0):
 PSYoungGen      total 29696K, used 4080K [0x00000000d5580000, 0x00000000d7680000, 0x0000000100000000)
  eden space 25600K, 0% used [0x00000000d5580000,0x00000000d5580000,0x00000000d6e80000)
  from space 4096K, 99% used [0x00000000d6e80000,0x00000000d727c2c8,0x00000000d7280000)
  to   space 4096K, 0% used [0x00000000d7280000,0x00000000d7280000,0x00000000d7680000)
 ParOldGen       total 68608K, used 2537K [0x0000000080000000, 0x0000000084300000, 0x00000000d5580000)
  object space 68608K, 3% used [0x0000000080000000,0x000000008027a468,0x0000000084300000)
 Metaspace       used 12847K, committed 13376K, reserved 1114112K
  class space    used 1353K, committed 1600K, reserved 1048576K
}
Event: 8.218 GC heap before
{Heap before GC invocations=4 (full 0):
 PSYoungGen      total 29696K, used 29680K [0x00000000d5580000, 0x00000000d7680000, 0x0000000100000000)
  eden space 25600K, 100% used [0x00000000d5580000,0x00000000d6e80000,0x00000000d6e80000)
  from space 4096K, 99% used [0x00000000d6e80000,0x00000000d727c2c8,0x00000000d7280000)
  to   space 4096K, 0% used [0x00000000d7280000,0x00000000d7280000,0x00000000d7680000)
 ParOldGen       total 68608K, used 2537K [0x0000000080000000, 0x0000000084300000, 0x00000000d5580000)
  object space 68608K, 3% used [0x0000000080000000,0x000000008027a468,0x0000000084300000)
 Metaspace       used 16110K, committed 16768K, reserved 1114112K
  class space    used 1667K, committed 1984K, reserved 1048576K
}
Event: 8.221 GC heap after
{Heap after GC invocations=4 (full 0):
 PSYoungGen      total 29696K, used 4093K [0x00000000d5580000, 0x00000000d7680000, 0x0000000100000000)
  eden space 25600K, 0% used [0x00000000d5580000,0x00000000d5580000,0x00000000d6e80000)
  from space 4096K, 99% used [0x00000000d7280000,0x00000000d767f4b0,0x00000000d7680000)
  to   space 4096K, 0% used [0x00000000d6e80000,0x00000000d6e80000,0x00000000d7280000)
 ParOldGen       total 68608K, used 5621K [0x0000000080000000, 0x0000000084300000, 0x00000000d5580000)
  object space 68608K, 8% used [0x0000000080000000,0x000000008057d780,0x0000000084300000)
 Metaspace       used 16110K, committed 16768K, reserved 1114112K
  class space    used 1667K, committed 1984K, reserved 1048576K
}
Event: 8.454 GC heap before
{Heap before GC invocations=5 (full 0):
 PSYoungGen      total 29696K, used 29693K [0x00000000d5580000, 0x00000000d7680000, 0x0000000100000000)
  eden space 25600K, 100% used [0x00000000d5580000,0x00000000d6e80000,0x00000000d6e80000)
  from space 4096K, 99% used [0x00000000d7280000,0x00000000d767f4b0,0x00000000d7680000)
  to   space 4096K, 0% used [0x00000000d6e80000,0x00000000d6e80000,0x00000000d7280000)
 ParOldGen       total 68608K, used 5621K [0x0000000080000000, 0x0000000084300000, 0x00000000d5580000)
  object space 68608K, 8% used [0x0000000080000000,0x000000008057d780,0x0000000084300000)
 Metaspace       used 19910K, committed 20544K, reserved 1114112K
  class space    used 1941K, committed 2240K, reserved 1048576K
}
Event: 8.456 GC heap after
{Heap after GC invocations=5 (full 0):
 PSYoungGen      total 29184K, used 4078K [0x00000000d5580000, 0x00000000d7900000, 0x0000000100000000)
  eden space 25088K, 0% used [0x00000000d5580000,0x00000000d5580000,0x00000000d6e00000)
  from space 4096K, 99% used [0x00000000d6e80000,0x00000000d727bbb8,0x00000000d7280000)
  to   space 5632K, 0% used [0x00000000d7380000,0x00000000d7380000,0x00000000d7900000)
 ParOldGen       total 68608K, used 5645K [0x0000000080000000, 0x0000000084300000, 0x00000000d5580000)
  object space 68608K, 8% used [0x0000000080000000,0x0000000080583780,0x0000000084300000)
 Metaspace       used 19910K, committed 20544K, reserved 1114112K
  class space    used 1941K, committed 2240K, reserved 1048576K
}
Event: 8.632 GC heap before
{Heap before GC invocations=6 (full 0):
 PSYoungGen      total 29184K, used 23493K [0x00000000d5580000, 0x00000000d7900000, 0x0000000100000000)
  eden space 25088K, 77% used [0x00000000d5580000,0x00000000d6875b00,0x00000000d6e00000)
  from space 4096K, 99% used [0x00000000d6e80000,0x00000000d727bbb8,0x00000000d7280000)
  to   space 5632K, 0% used [0x00000000d7380000,0x00000000d7380000,0x00000000d7900000)
 ParOldGen       total 68608K, used 5645K [0x0000000080000000, 0x0000000084300000, 0x00000000d5580000)
  object space 68608K, 8% used [0x0000000080000000,0x0000000080583780,0x0000000084300000)
 Metaspace       used 20862K, committed 21504K, reserved 1114112K
  class space    used 1998K, committed 2304K, reserved 1048576K
}
Event: 8.634 GC heap after
{Heap after GC invocations=6 (full 0):
 PSYoungGen      total 29696K, used 5616K [0x00000000d5580000, 0x00000000d7b00000, 0x0000000100000000)
  eden space 24064K, 0% used [0x00000000d5580000,0x00000000d5580000,0x00000000d6d00000)
  from space 5632K, 99% used [0x00000000d7380000,0x00000000d78fc3e0,0x00000000d7900000)
  to   space 6656K, 0% used [0x00000000d6d00000,0x00000000d6d00000,0x00000000d7380000)
 ParOldGen       total 68608K, used 5856K [0x0000000080000000, 0x0000000084300000, 0x00000000d5580000)
  object space 68608K, 8% used [0x0000000080000000,0x00000000805b8278,0x0000000084300000)
 Metaspace       used 20862K, committed 21504K, reserved 1114112K
  class space    used 1998K, committed 2304K, reserved 1048576K
}
Event: 8.634 GC heap before
{Heap before GC invocations=7 (full 1):
 PSYoungGen      total 29696K, used 5616K [0x00000000d5580000, 0x00000000d7b00000, 0x0000000100000000)
  eden space 24064K, 0% used [0x00000000d5580000,0x00000000d5580000,0x00000000d6d00000)
  from space 5632K, 99% used [0x00000000d7380000,0x00000000d78fc3e0,0x00000000d7900000)
  to   space 6656K, 0% used [0x00000000d6d00000,0x00000000d6d00000,0x00000000d7380000)
 ParOldGen       total 68608K, used 5856K [0x0000000080000000, 0x0000000084300000, 0x00000000d5580000)
  object space 68608K, 8% used [0x0000000080000000,0x00000000805b8278,0x0000000084300000)
 Metaspace       used 20862K, committed 21504K, reserved 1114112K
  class space    used 1998K, committed 2304K, reserved 1048576K
}
Event: 8.654 GC heap after
{Heap after GC invocations=7 (full 1):
 PSYoungGen      total 29696K, used 0K [0x00000000d5580000, 0x00000000d7b00000, 0x0000000100000000)
  eden space 24064K, 0% used [0x00000000d5580000,0x00000000d5580000,0x00000000d6d00000)
  from space 5632K, 0% used [0x00000000d7380000,0x00000000d7380000,0x00000000d7900000)
  to   space 6656K, 0% used [0x00000000d6d00000,0x00000000d6d00000,0x00000000d7380000)
 ParOldGen       total 68608K, used 9811K [0x0000000080000000, 0x0000000084300000, 0x00000000d5580000)
  object space 68608K, 14% used [0x0000000080000000,0x0000000080994de0,0x0000000084300000)
 Metaspace       used 20850K, committed 21504K, reserved 1114112K
  class space    used 1995K, committed 2304K, reserved 1048576K
}

Dll operation events (9 events):
Event: 0.064 Loaded shared library c:\Users\user\.vscode\extensions\redhat.java-1.50.0-win32-x64\jre\21.0.9-win32-x86_64\bin\java.dll
Event: 0.088 Loaded shared library c:\Users\user\.vscode\extensions\redhat.java-1.50.0-win32-x64\jre\21.0.9-win32-x86_64\bin\zip.dll
Event: 0.126 Loaded shared library C:\Users\user\.vscode\extensions\redhat.java-1.50.0-win32-x64\jre\21.0.9-win32-x86_64\bin\instrument.dll
Event: 0.130 Loaded shared library C:\Users\user\.vscode\extensions\redhat.java-1.50.0-win32-x64\jre\21.0.9-win32-x86_64\bin\net.dll
Event: 0.131 Loaded shared library C:\Users\user\.vscode\extensions\redhat.java-1.50.0-win32-x64\jre\21.0.9-win32-x86_64\bin\nio.dll
Event: 0.133 Loaded shared library C:\Users\user\.vscode\extensions\redhat.java-1.50.0-win32-x64\jre\21.0.9-win32-x86_64\bin\zip.dll
Event: 0.146 Loaded shared library C:\Users\user\.vscode\extensions\redhat.java-1.50.0-win32-x64\jre\21.0.9-win32-x86_64\bin\jimage.dll
Event: 0.236 Loaded shared library c:\Users\user\.vscode\extensions\redhat.java-1.50.0-win32-x64\jre\21.0.9-win32-x86_64\bin\verify.dll
Event: 7.291 Loaded shared library C:\Users\user\AppData\Roaming\Code\User\globalStorage\redhat.java\1.50.0\config_ss_win\org.eclipse.equinox.launcher\org.eclipse.equinox.launcher.win32.win32.x86_64_1.2.1400.v20250801-0854\eclipse_11916.dll

Deoptimization events (20 events):
Event: 8.762 Thread 0x00000258dd41be60 Uncommon trap: trap_request=0xffffffc6 fr.pc=0x00000258d0361668 relative=0x00000000000009e8
Event: 8.762 Thread 0x00000258dd41be60 Uncommon trap: reason=bimorphic_or_optimized_type_check action=maybe_recompile pc=0x00000258d0361668 method=java.util.HashMap.putVal(ILjava/lang/Object;Ljava/lang/Object;ZZ)Ljava/lang/Object; @ 56 c2
Event: 8.762 Thread 0x00000258dd41be60 DEOPT PACKING pc=0x00000258d0361668 sp=0x0000008e325fdf40
Event: 8.762 Thread 0x00000258dd41be60 DEOPT UNPACKING pc=0x00000258cfbb3aa2 sp=0x0000008e325fdea8 mode 2
Event: 8.762 Thread 0x00000258dd41be60 Uncommon trap: trap_request=0xffffffc6 fr.pc=0x00000258d0361668 relative=0x00000000000009e8
Event: 8.762 Thread 0x00000258dd41be60 Uncommon trap: reason=bimorphic_or_optimized_type_check action=maybe_recompile pc=0x00000258d0361668 method=java.util.HashMap.putVal(ILjava/lang/Object;Ljava/lang/Object;ZZ)Ljava/lang/Object; @ 56 c2
Event: 8.762 Thread 0x00000258dd41be60 DEOPT PACKING pc=0x00000258d0361668 sp=0x0000008e325fdf40
Event: 8.762 Thread 0x00000258dd41be60 DEOPT UNPACKING pc=0x00000258cfbb3aa2 sp=0x0000008e325fdea8 mode 2
Event: 8.762 Thread 0x00000258dd41be60 Uncommon trap: trap_request=0xffffffc6 fr.pc=0x00000258d0361668 relative=0x00000000000009e8
Event: 8.762 Thread 0x00000258dd41be60 Uncommon trap: reason=bimorphic_or_optimized_type_check action=maybe_recompile pc=0x00000258d0361668 method=java.util.HashMap.putVal(ILjava/lang/Object;Ljava/lang/Object;ZZ)Ljava/lang/Object; @ 56 c2
Event: 8.762 Thread 0x00000258dd41be60 DEOPT PACKING pc=0x00000258d0361668 sp=0x0000008e325fdf40
Event: 8.762 Thread 0x00000258dd41be60 DEOPT UNPACKING pc=0x00000258cfbb3aa2 sp=0x0000008e325fdea8 mode 2
Event: 8.762 Thread 0x00000258dd41be60 Uncommon trap: trap_request=0xffffffc6 fr.pc=0x00000258d0361668 relative=0x00000000000009e8
Event: 8.762 Thread 0x00000258dd41be60 Uncommon trap: reason=bimorphic_or_optimized_type_check action=maybe_recompile pc=0x00000258d0361668 method=java.util.HashMap.putVal(ILjava/lang/Object;Ljava/lang/Object;ZZ)Ljava/lang/Object; @ 56 c2
Event: 8.762 Thread 0x00000258dd41be60 DEOPT PACKING pc=0x00000258d0361668 sp=0x0000008e325fdf40
Event: 8.762 Thread 0x00000258dd41be60 DEOPT UNPACKING pc=0x00000258cfbb3aa2 sp=0x0000008e325fdea8 mode 2
Event: 8.782 Thread 0x00000258dd41be60 Uncommon trap: trap_request=0xffffff45 fr.pc=0x00000258d03ddb38 relative=0x00000000000009b8
Event: 8.782 Thread 0x00000258dd41be60 Uncommon trap: reason=unstable_if action=reinterpret pc=0x00000258d03ddb38 method=java.util.regex.Pattern$BmpCharPropertyGreedy.match(Ljava/util/regex/Matcher;ILjava/lang/CharSequence;)Z @ 12 c2
Event: 8.782 Thread 0x00000258dd41be60 DEOPT PACKING pc=0x00000258d03ddb38 sp=0x0000008e325fdb30
Event: 8.782 Thread 0x00000258dd41be60 DEOPT UNPACKING pc=0x00000258cfbb3aa2 sp=0x0000008e325fd9f8 mode 2

Classes loaded (20 events):
Event: 8.825 Loading class sun/security/provider/SHA
Event: 8.825 Loading class sun/security/provider/SHA done
Event: 8.826 Loading class sun/security/provider/SeedGenerator$1
Event: 8.826 Loading class sun/security/provider/SeedGenerator$1 done
Event: 8.838 Loading class java/net/NetworkInterface$1
Event: 8.838 Loading class java/net/NetworkInterface$1 done
Event: 8.839 Loading class java/nio/file/Files$AcceptAllFilter
Event: 8.839 Loading class java/nio/file/DirectoryStream$Filter
Event: 8.839 Loading class java/nio/file/DirectoryStream$Filter done
Event: 8.839 Loading class java/nio/file/Files$AcceptAllFilter done
Event: 8.839 Loading class sun/nio/fs/WindowsDirectoryStream
Event: 8.839 Loading class java/nio/file/DirectoryStream
Event: 8.839 Loading class java/nio/file/DirectoryStream done
Event: 8.839 Loading class sun/nio/fs/WindowsDirectoryStream done
Event: 8.840 Loading class sun/nio/fs/WindowsDirectoryStream$WindowsDirectoryIterator
Event: 8.840 Loading class sun/nio/fs/WindowsDirectoryStream$WindowsDirectoryIterator done
Event: 8.840 Loading class sun/nio/fs/WindowsPath$WindowsPathWithAttributes
Event: 8.841 Loading class sun/nio/fs/BasicFileAttributesHolder
Event: 8.841 Loading class sun/nio/fs/BasicFileAttributesHolder done
Event: 8.841 Loading class sun/nio/fs/WindowsPath$WindowsPathWithAttributes done

Classes unloaded (7 events):
Event: 8.639 Thread 0x00000258dbfa2450 Unloading class 0x000002588118c800 'java/lang/invoke/LambdaForm$MH+0x000002588118c800'
Event: 8.639 Thread 0x00000258dbfa2450 Unloading class 0x000002588118c400 'java/lang/invoke/LambdaForm$MH+0x000002588118c400'
Event: 8.639 Thread 0x00000258dbfa2450 Unloading class 0x000002588118c000 'java/lang/invoke/LambdaForm$MH+0x000002588118c000'
Event: 8.639 Thread 0x00000258dbfa2450 Unloading class 0x000002588118bc00 'java/lang/invoke/LambdaForm$MH+0x000002588118bc00'
Event: 8.639 Thread 0x00000258dbfa2450 Unloading class 0x000002588118b800 'java/lang/invoke/LambdaForm$BMH+0x000002588118b800'
Event: 8.639 Thread 0x00000258dbfa2450 Unloading class 0x000002588118b400 'java/lang/invoke/LambdaForm$DMH+0x000002588118b400'
Event: 8.639 Thread 0x00000258dbfa2450 Unloading class 0x000002588118a400 'java/lang/invoke/LambdaForm$DMH+0x000002588118a400'

Classes redefined (0 events):
No events

Internal exceptions (20 events):
Event: 8.062 Thread 0x00000258dd41be60 Exception <a 'java/lang/NoSuchMethodError'{0x00000000d5f47c50}: 'java.lang.Object java.lang.invoke.DirectMethodHandle$Holder.invokeSpecial(java.lang.Object, java.lang.Object, java.lang.Object, long, java.lang.Object)'> (0x00000000d5f47c50) 
thrown [s\src\hotspot\share\interpreter\linkResolver.cpp, line 773]
Event: 8.062 Thread 0x00000258dd41be60 Exception <a 'java/lang/NoSuchMethodError'{0x00000000d5f4f498}: 'java.lang.Object java.lang.invoke.DirectMethodHandle$Holder.newInvokeSpecial(java.lang.Object, java.lang.Object, java.lang.Object, long)'> (0x00000000d5f4f498) 
thrown [s\src\hotspot\share\interpreter\linkResolver.cpp, line 773]
Event: 8.063 Thread 0x00000258dd41be60 Exception <a 'java/lang/NoSuchMethodError'{0x00000000d5f53848}: 'java.lang.Object java.lang.invoke.DirectMethodHandle$Holder.invokeSpecial(java.lang.Object, java.lang.Object, java.lang.Object, java.lang.Object, long)'> (0x00000000d5f53848) 
thrown [s\src\hotspot\share\interpreter\linkResolver.cpp, line 773]
Event: 8.063 Thread 0x00000258dd41be60 Exception <a 'java/lang/NoSuchMethodError'{0x00000000d5f576b8}: 'java.lang.Object java.lang.invoke.Invokers$Holder.linkToTargetMethod(java.lang.Object, java.lang.Object, long, java.lang.Object)'> (0x00000000d5f576b8) 
thrown [s\src\hotspot\share\interpreter\linkResolver.cpp, line 773]
Event: 8.071 Thread 0x00000258dd41be60 Exception <a 'java/lang/NoSuchMethodError'{0x00000000d5fc93e8}: 'int java.lang.invoke.DirectMethodHandle$Holder.invokeStaticInit(java.lang.Object, java.lang.Object, java.lang.Object)'> (0x00000000d5fc93e8) 
thrown [s\src\hotspot\share\interpreter\linkResolver.cpp, line 773]
Event: 8.081 Thread 0x00000258dd41be60 Exception <a 'java/lang/IncompatibleClassChangeError'{0x00000000d6060528}: Found class java.lang.Object, but interface was expected> (0x00000000d6060528) 
thrown [s\src\hotspot\share\interpreter\linkResolver.cpp, line 840]
Event: 8.081 Thread 0x00000258dd41be60 Exception <a 'java/lang/NoSuchMethodError'{0x00000000d60640d8}: 'java.lang.Object java.lang.invoke.DirectMethodHandle$Holder.invokeSpecial(java.lang.Object, java.lang.Object, java.lang.Object, int, java.lang.Object, java.lang.Object)'> (0x00000000d60640d8) 
thrown [s\src\hotspot\share\interpreter\linkResolver.cpp, line 773]
Event: 8.082 Thread 0x00000258dd41be60 Exception <a 'java/lang/NoSuchMethodError'{0x00000000d606bbb0}: 'java.lang.Object java.lang.invoke.DirectMethodHandle$Holder.newInvokeSpecial(java.lang.Object, java.lang.Object, java.lang.Object, int, java.lang.Object)'> (0x00000000d606bbb0) 
thrown [s\src\hotspot\share\interpreter\linkResolver.cpp, line 773]
Event: 8.082 Thread 0x00000258dd41be60 Exception <a 'java/lang/NoSuchMethodError'{0x00000000d606fb30}: 'java.lang.Object java.lang.invoke.DirectMethodHandle$Holder.invokeSpecial(java.lang.Object, java.lang.Object, java.lang.Object, java.lang.Object, int, java.lang.Object)'> (0x00000000d606fb30) 
thrown [s\src\hotspot\share\interpreter\linkResolver.cpp, line 773]
Event: 8.082 Thread 0x00000258dd41be60 Exception <a 'java/lang/NoSuchMethodError'{0x00000000d6073670}: 'java.lang.Object java.lang.invoke.Invokers$Holder.linkToTargetMethod(java.lang.Object, java.lang.Object, int, java.lang.Object, java.lang.Object)'> (0x00000000d6073670) 
thrown [s\src\hotspot\share\interpreter\linkResolver.cpp, line 773]
Event: 8.083 Thread 0x00000258e3604a50 Exception <a 'java/lang/NoSuchMethodError'{0x00000000d5fa23e0}: 'java.lang.Object java.lang.invoke.DirectMethodHandle$Holder.invokeSpecial(java.lang.Object, java.lang.Object, int, java.lang.Object, java.lang.Object)'> (0x00000000d5fa23e0) 
thrown [s\src\hotspot\share\interpreter\linkResolver.cpp, line 773]
Event: 8.083 Thread 0x00000258e3604a50 Exception <a 'java/lang/NoSuchMethodError'{0x00000000d5fa9118}: 'java.lang.Object java.lang.invoke.DirectMethodHandle$Holder.newInvokeSpecial(java.lang.Object, java.lang.Object, int, java.lang.Object)'> (0x00000000d5fa9118) 
thrown [s\src\hotspot\share\interpreter\linkResolver.cpp, line 773]
Event: 8.084 Thread 0x00000258e3604a50 Exception <a 'java/lang/NoSuchMethodError'{0x00000000d5fac9f8}: 'java.lang.Object java.lang.invoke.DirectMethodHandle$Holder.invokeSpecial(java.lang.Object, java.lang.Object, java.lang.Object, int, java.lang.Object)'> (0x00000000d5fac9f8) 
thrown [s\src\hotspot\share\interpreter\linkResolver.cpp, line 773]
Event: 8.102 Thread 0x00000258dd41be60 Exception <a 'java/lang/NoSuchMethodError'{0x00000000d61b9000}: 'void java.lang.invoke.DirectMethodHandle$Holder.invokeSpecial(java.lang.Object, java.lang.Object, java.lang.Object, java.lang.Object, java.lang.Object)'> (0x00000000d61b9000) 
thrown [s\src\hotspot\share\interpreter\linkResolver.cpp, line 773]
Event: 8.144 Thread 0x00000258dd41be60 Exception <a 'java/lang/NoSuchMethodError'{0x00000000d647abe8}: 'double java.lang.invoke.DirectMethodHandle$Holder.invokeStatic(java.lang.Object, java.lang.Object)'> (0x00000000d647abe8) 
thrown [s\src\hotspot\share\interpreter\linkResolver.cpp, line 773]
Event: 8.144 Thread 0x00000258dd41be60 Exception <a 'java/lang/NoSuchMethodError'{0x00000000d647e2a8}: 'double java.lang.invoke.DirectMethodHandle$Holder.invokeStaticInit(java.lang.Object, java.lang.Object)'> (0x00000000d647e2a8) 
thrown [s\src\hotspot\share\interpreter\linkResolver.cpp, line 773]
Event: 8.405 Thread 0x00000258dd41be60 Implicit null exception at 0x00000258d03c36f5 to 0x00000258d03c37d0
Event: 8.711 Thread 0x00000258dd41be60 Exception <a 'java/lang/NoSuchMethodError'{0x00000000d578b458}: 'java.lang.Object java.lang.invoke.DirectMethodHandle$Holder.newInvokeSpecial(java.lang.Object, int, java.lang.Object, java.lang.Object)'> (0x00000000d578b458) 
thrown [s\src\hotspot\share\interpreter\linkResolver.cpp, line 773]
Event: 8.775 Thread 0x00000258dd41be60 Exception <a 'sun/nio/fs/WindowsException'{0x00000000d59b8710}> (0x00000000d59b8710) 
thrown [s\src\hotspot\share\prims\jni.cpp, line 520]
Event: 8.818 Thread 0x00000258dd41be60 Exception <a 'java/lang/NoSuchMethodError'{0x00000000d5b84b78}: 'java.lang.Object java.lang.invoke.DirectMethodHandle$Holder.invokeStaticInit(java.lang.Object, int, int, int, int)'> (0x00000000d5b84b78) 
thrown [s\src\hotspot\share\interpreter\linkResolver.cpp, line 773]

ZGC Phase Switch (0 events):
No events

VM Operations (20 events):
Event: 7.755 Executing VM operation: HandshakeAllThreads (Deoptimize)
Event: 7.755 Executing VM operation: HandshakeAllThreads (Deoptimize) done
Event: 7.860 Executing VM operation: ParallelGCFailedAllocation (Allocation Failure)
Event: 7.865 Executing VM operation: ParallelGCFailedAllocation (Allocation Failure) done
Event: 7.962 Executing VM operation: HandshakeAllThreads (Deoptimize)
Event: 7.962 Executing VM operation: HandshakeAllThreads (Deoptimize) done
Event: 7.966 Executing VM operation: HandshakeAllThreads (Deoptimize)
Event: 7.966 Executing VM operation: HandshakeAllThreads (Deoptimize) done
Event: 7.978 Executing VM operation: HandshakeAllThreads (Deoptimize)
Event: 7.978 Executing VM operation: HandshakeAllThreads (Deoptimize) done
Event: 8.218 Executing VM operation: ParallelGCFailedAllocation (Allocation Failure)
Event: 8.221 Executing VM operation: ParallelGCFailedAllocation (Allocation Failure) done
Event: 8.454 Executing VM operation: ParallelGCFailedAllocation (Allocation Failure)
Event: 8.456 Executing VM operation: ParallelGCFailedAllocation (Allocation Failure) done
Event: 8.632 Executing VM operation: CollectForMetadataAllocation (Metadata GC Threshold)
Event: 8.654 Executing VM operation: CollectForMetadataAllocation (Metadata GC Threshold) done
Event: 8.744 Executing VM operation: HandshakeAllThreads (Deoptimize)
Event: 8.761 Executing VM operation: HandshakeAllThreads (Deoptimize) done
Event: 9.762 Executing VM operation: Cleanup
Event: 9.762 Executing VM operation: Cleanup done

Memory protections (0 events):
No events

Nmethod flushes (0 events):
No events

Events (20 events):
Event: 0.892 Thread 0x00000258dd4a70a0 Thread added: 0x00000258e3772f10
Event: 1.126 Thread 0x00000258c5516b90 Thread added: 0x00000258e3862840
Event: 1.593 Thread 0x00000258e3772f10 Thread exited: 0x00000258e3772f10
Event: 1.594 Thread 0x00000258dd4f0a80 Thread exited: 0x00000258dd4f0a80
Event: 7.185 Thread 0x00000258dd4a70a0 Thread exited: 0x00000258dd4a70a0
Event: 7.185 Thread 0x00000258dd4a19d0 Thread exited: 0x00000258dd4a19d0
Event: 7.192 Thread 0x00000258c5516b90 Thread added: 0x00000258dd4a19d0
Event: 7.196 Thread 0x00000258c5516b90 Thread added: 0x00000258dd41be60
Event: 7.398 Thread 0x00000258dd41be60 Thread added: 0x00000258e384f760
Event: 7.532 Thread 0x00000258dd469e80 Thread added: 0x00000258e3612c10
Event: 7.792 Thread 0x00000258dd41be60 Thread added: 0x00000258dd439e00
Event: 7.856 Thread 0x00000258dd3a85c0 Thread added: 0x00000258e3c640c0
Event: 8.066 Thread 0x00000258dd41be60 Thread added: 0x00000258e3604a50
Event: 8.083 Thread 0x00000258dd41be60 Thread added: 0x00000258e3bf6e00
Event: 8.215 Thread 0x00000258e3c640c0 Thread added: 0x00000258e3cc4ea0
Event: 8.357 Thread 0x00000258e3cc4ea0 Thread exited: 0x00000258e3cc4ea0
Event: 8.673 Thread 0x00000258dd469e80 Thread added: 0x00000258e4556ab0
Event: 8.685 Thread 0x00000258dd41be60 Thread added: 0x00000258e45631e0
Event: 8.802 Thread 0x00000258e45631e0 Thread exited: 0x00000258e45631e0
Event: 9.405 Thread 0x00000258e4556ab0 Thread exited: 0x00000258e4556ab0


Dynamic libraries:
0x00007ff754a70000 - 0x00007ff754a7e000 	c:\Users\user\.vscode\extensions\redhat.java-1.50.0-win32-x64\jre\21.0.9-win32-x86_64\bin\java.exe
0x00007ff81c620000 - 0x00007ff81c888000 	C:\WINDOWS\SYSTEM32\ntdll.dll
0x00007ff81b310000 - 0x00007ff81b3d9000 	C:\WINDOWS\System32\KERNEL32.DLL
0x00007ff819fc0000 - 0x00007ff81a3b8000 	C:\WINDOWS\System32\KERNELBASE.dll
0x00007ff819b20000 - 0x00007ff819c6b000 	C:\WINDOWS\System32\ucrtbase.dll
0x00007fffe9c40000 - 0x00007fffe9c58000 	c:\Users\user\.vscode\extensions\redhat.java-1.50.0-win32-x64\jre\21.0.9-win32-x86_64\bin\jli.dll
0x00007ffff48b0000 - 0x00007ffff48ce000 	c:\Users\user\.vscode\extensions\redhat.java-1.50.0-win32-x64\jre\21.0.9-win32-x86_64\bin\VCRUNTIME140.dll
0x00007ff81b090000 - 0x00007ff81b257000 	C:\WINDOWS\System32\USER32.dll
0x00007ff819a30000 - 0x00007ff819a57000 	C:\WINDOWS\System32\win32u.dll
0x00007fffedc20000 - 0x00007fffedeb4000 	C:\WINDOWS\WinSxS\amd64_microsoft.windows.common-controls_6595b64144ccf1df_6.0.26100.7019_none_3e06ffa0e335b8a8\COMCTL32.dll
0x00007ff81be90000 - 0x00007ff81bebb000 	C:\WINDOWS\System32\GDI32.dll
0x00007ff81c140000 - 0x00007ff81c1e9000 	C:\WINDOWS\System32\msvcrt.dll
0x00007ff819d20000 - 0x00007ff819e4c000 	C:\WINDOWS\System32\gdi32full.dll
0x00007ff819c70000 - 0x00007ff819d13000 	C:\WINDOWS\System32\msvcp_win.dll
0x00007ff81a5b0000 - 0x00007ff81a5e1000 	C:\WINDOWS\System32\IMM32.DLL
0x00007ff80d300000 - 0x00007ff80d30c000 	c:\Users\user\.vscode\extensions\redhat.java-1.50.0-win32-x64\jre\21.0.9-win32-x86_64\bin\vcruntime140_1.dll
0x00007fffbf6d0000 - 0x00007fffbf75d000 	c:\Users\user\.vscode\extensions\redhat.java-1.50.0-win32-x64\jre\21.0.9-win32-x86_64\bin\msvcp140.dll
0x00007fff59fb0000 - 0x00007fff5ad50000 	c:\Users\user\.vscode\extensions\redhat.java-1.50.0-win32-x64\jre\21.0.9-win32-x86_64\bin\server\jvm.dll
0x00007ff81c1f0000 - 0x00007ff81c2a4000 	C:\WINDOWS\System32\ADVAPI32.dll
0x00007ff81b260000 - 0x00007ff81b306000 	C:\WINDOWS\System32\sechost.dll
0x00007ff81c2b0000 - 0x00007ff81c3c8000 	C:\WINDOWS\System32\RPCRT4.dll
0x00007ff81c560000 - 0x00007ff81c5d4000 	C:\WINDOWS\System32\WS2_32.dll
0x00007ff818e80000 - 0x00007ff818ede000 	C:\WINDOWS\SYSTEM32\POWRPROF.dll
0x00007ff80d9b0000 - 0x00007ff80d9e5000 	C:\WINDOWS\SYSTEM32\WINMM.dll
0x00007ff80f2e0000 - 0x00007ff80f2eb000 	C:\WINDOWS\SYSTEM32\VERSION.dll
0x00007ff818c80000 - 0x00007ff818c94000 	C:\WINDOWS\SYSTEM32\UMPDC.dll
0x00007ff818530000 - 0x00007ff81854b000 	C:\WINDOWS\SYSTEM32\kernel.appcore.dll
0x00007ff802200000 - 0x00007ff80220a000 	c:\Users\user\.vscode\extensions\redhat.java-1.50.0-win32-x64\jre\21.0.9-win32-x86_64\bin\jimage.dll
0x00007ff816da0000 - 0x00007ff816fe2000 	C:\WINDOWS\SYSTEM32\DBGHELP.DLL
0x00007ff81a5f0000 - 0x00007ff81a97b000 	C:\WINDOWS\System32\combase.dll
0x00007ff81bec0000 - 0x00007ff81bf97000 	C:\WINDOWS\System32\OLEAUT32.dll
0x00007fffe9be0000 - 0x00007fffe9c1c000 	C:\WINDOWS\SYSTEM32\dbgcore.DLL
0x00007ff819770000 - 0x00007ff819815000 	C:\WINDOWS\System32\bcryptPrimitives.dll
0x00007fffffca0000 - 0x00007fffffcaf000 	c:\Users\user\.vscode\extensions\redhat.java-1.50.0-win32-x64\jre\21.0.9-win32-x86_64\bin\instrument.dll
0x00007fffffae0000 - 0x00007fffffb00000 	c:\Users\user\.vscode\extensions\redhat.java-1.50.0-win32-x64\jre\21.0.9-win32-x86_64\bin\java.dll
0x00007ff81b4b0000 - 0x00007ff81bbff000 	C:\WINDOWS\System32\SHELL32.dll
0x00007ff819e50000 - 0x00007ff819fbb000 	C:\WINDOWS\System32\wintypes.dll
0x00007ff817390000 - 0x00007ff817bed000 	C:\WINDOWS\SYSTEM32\windows.storage.dll
0x00007ff81bc10000 - 0x00007ff81bd02000 	C:\WINDOWS\System32\SHCORE.dll
0x00007ff81c4f0000 - 0x00007ff81c557000 	C:\WINDOWS\System32\shlwapi.dll
0x00007ff819690000 - 0x00007ff8196b9000 	C:\WINDOWS\SYSTEM32\profapi.dll
0x00007fffef230000 - 0x00007fffef248000 	c:\Users\user\.vscode\extensions\redhat.java-1.50.0-win32-x64\jre\21.0.9-win32-x86_64\bin\zip.dll
0x00007ff802100000 - 0x00007ff802110000 	C:\Users\user\.vscode\extensions\redhat.java-1.50.0-win32-x64\jre\21.0.9-win32-x86_64\bin\net.dll
0x00007ff8129c0000 - 0x00007ff812ae8000 	C:\WINDOWS\SYSTEM32\WINHTTP.dll
0x00007ff818b10000 - 0x00007ff818b7b000 	C:\WINDOWS\system32\mswsock.dll
0x00007fffee590000 - 0x00007fffee5a6000 	C:\Users\user\.vscode\extensions\redhat.java-1.50.0-win32-x64\jre\21.0.9-win32-x86_64\bin\nio.dll
0x00007fffffbe0000 - 0x00007fffffbf0000 	c:\Users\user\.vscode\extensions\redhat.java-1.50.0-win32-x64\jre\21.0.9-win32-x86_64\bin\verify.dll
0x00007fffc47b0000 - 0x00007fffc47f4000 	C:\Users\user\AppData\Roaming\Code\User\globalStorage\redhat.java\1.50.0\config_ss_win\org.eclipse.equinox.launcher\org.eclipse.equinox.launcher.win32.win32.x86_64_1.2.1400.v20250801-0854\eclipse_11916.dll
0x00007ff81bfa0000 - 0x00007ff81c137000 	C:\WINDOWS\System32\ole32.dll
0x00007ff818e10000 - 0x00007ff818e2b000 	C:\WINDOWS\SYSTEM32\CRYPTSP.dll
0x00007ff818490000 - 0x00007ff8184ca000 	C:\WINDOWS\system32\rsaenh.dll
0x00007ff818bc0000 - 0x00007ff818beb000 	C:\WINDOWS\SYSTEM32\USERENV.dll
0x00007ff819660000 - 0x00007ff81968a000 	C:\WINDOWS\SYSTEM32\bcrypt.dll
0x00007ff818e30000 - 0x00007ff818e3c000 	C:\WINDOWS\SYSTEM32\CRYPTBASE.dll
0x00007ff818070000 - 0x00007ff8180a4000 	C:\WINDOWS\SYSTEM32\IPHLPAPI.DLL
0x00007ff81b4a0000 - 0x00007ff81b4aa000 	C:\WINDOWS\System32\NSI.dll

JVMTI agents:
c:\Users\user\.vscode\extensions\redhat.java-1.50.0-win32-x64\lombok\lombok-1.18.39-4050.jar path:c:\Users\user\.vscode\extensions\redhat.java-1.50.0-win32-x64\jre\21.0.9-win32-x86_64\bin\instrument.dll, loaded, initialized, instrumentlib options:none

dbghelp: loaded successfully - version: 4.0.5 - missing functions: none
symbol engine: initialized successfully - sym options: 0x614 - pdb path: .;c:\Users\user\.vscode\extensions\redhat.java-1.50.0-win32-x64\jre\21.0.9-win32-x86_64\bin;C:\WINDOWS\SYSTEM32;C:\WINDOWS\WinSxS\amd64_microsoft.windows.common-controls_6595b64144ccf1df_6.0.26100.7019_none_3e06ffa0e335b8a8;c:\Users\user\.vscode\extensions\redhat.java-1.50.0-win32-x64\jre\21.0.9-win32-x86_64\bin\server;C:\Users\user\AppData\Roaming\Code\User\globalStorage\redhat.java\1.50.0\config_ss_win\org.eclipse.equinox.launcher\org.eclipse.equinox.launcher.win32.win32.x86_64_1.2.1400.v20250801-0854

VM Arguments:
jvm_args: -Dfile.encoding=UTF-8 --add-modules=ALL-SYSTEM --add-opens=java.base/java.util=ALL-UNNAMED --add-opens=java.base/java.lang=ALL-UNNAMED --add-opens=java.base/sun.nio.fs=ALL-UNNAMED -Declipse.application=org.eclipse.jdt.ls.core.id1 -Dosgi.bundles.defaultStartLevel=4 -Declipse.product=org.eclipse.jdt.ls.core.product -Djava.import.generatesMetadataFilesAtProjectRoot=false -DDetectVMInstallationsJob.disabled=true -Dfile.encoding=utf8 -XX:+UseParallelGC -XX:GCTimeRatio=4 -XX:AdaptiveSizePolicyWeight=90 -Dsun.zip.disableMemoryMapping=true -Xmx2G -Xms100m -Xlog:disable -javaagent:c:\Users\user\.vscode\extensions\redhat.java-1.50.0-win32-x64\lombok\lombok-1.18.39-4050.jar 
java_command: c:\Users\user\.vscode\extensions\redhat.java-1.50.0-win32-x64\server\plugins\org.eclipse.equinox.launcher_1.7.100.v20251111-0406.jar -configuration c:\Users\user\AppData\Roaming\Code\User\globalStorage\redhat.java\1.50.0\config_ss_win -data c:\Users\user\AppData\Roaming\Code\User\workspaceStorage\60311b44d9e3b4876d454e72075bf5fe\redhat.java\ss_ws --pipe=\\.\pipe\lsp-aaf175d6c4f28645a37cc478865dc6b5-sock
java_class_path (initial): c:\Users\user\.vscode\extensions\redhat.java-1.50.0-win32-x64\server\plugins\org.eclipse.equinox.launcher_1.7.100.v20251111-0406.jar
Launcher Type: SUN_STANDARD

[Global flags]
    uintx AdaptiveSizePolicyWeight                 = 90                                        {product} {command line}
     intx CICompilerCount                          = 12                                        {product} {ergonomic}
    uintx GCTimeRatio                              = 4                                         {product} {command line}
   size_t InitialHeapSize                          = 104857600                                 {product} {command line}
   size_t MaxHeapSize                              = 2147483648                                {product} {command line}
   size_t MaxNewSize                               = 715653120                                 {product} {ergonomic}
   size_t MinHeapDeltaBytes                        = 524288                                    {product} {ergonomic}
   size_t MinHeapSize                              = 104857600                                 {product} {command line}
   size_t NewSize                                  = 34603008                                  {product} {ergonomic}
    uintx NonNMethodCodeHeapSize                   = 7602480                                {pd product} {ergonomic}
    uintx NonProfiledCodeHeapSize                  = 122027880                              {pd product} {ergonomic}
   size_t OldSize                                  = 70254592                                  {product} {ergonomic}
    uintx ProfiledCodeHeapSize                     = 122027880                              {pd product} {ergonomic}
    uintx ReservedCodeCacheSize                    = 251658240                              {pd product} {ergonomic}
     bool SegmentedCodeCache                       = true                                      {product} {ergonomic}
   size_t SoftMaxHeapSize                          = 2147483648                             {manageable} {ergonomic}
     bool UseCompressedOops                        = true                           {product lp64_product} {ergonomic}
     bool UseLargePagesIndividualAllocation        = false                                  {pd product} {ergonomic}
     bool UseParallelGC                            = true                                      {product} {command line}

Logging:
Log output configuration:
 #0: stdout all=off uptime,level,tags foldmultilines=false
 #1: stderr all=off uptime,level,tags foldmultilines=false

Release file:
JAVA_VERSION="21.0.9" 
MODULES="java.base java.compiler java.datatransfer java.xml java.prefs java.desktop java.instrument java.logging java.management java.security.sasl java.naming java.rmi java.management.rmi java.net.http java.scripting java.security.jgss java.transaction.xa java.sql java.sql.rowset java.xml.crypto java.se java.smartcardio jdk.accessibility jdk.internal.jvmstat jdk.attach jdk.charsets jdk.internal.opt jdk.zipfs jdk.compiler jdk.crypto.ec jdk.crypto.cryptoki jdk.crypto.mscapi jdk.dynalink jdk.internal.ed jdk.editpad jdk.hotspot.agent jdk.httpserver jdk.internal.le jdk.internal.vm.ci jdk.internal.vm.compiler jdk.internal.vm.compiler.management jdk.jartool jdk.javadoc jdk.jcmd jdk.management jdk.management.agent jdk.jconsole jdk.jdeps jdk.jdwp.agent jdk.jdi jdk.jfr jdk.jshell jdk.jsobject jdk.jstatd jdk.localedata jdk.management.jfr jdk.naming.dns jdk.naming.rmi jdk.net jdk.nio.mapmode jdk.random jdk.sctp jdk.security.auth jdk.security.jgss jdk.unsupported jdk.unsupported.desktop jdk.xml.dom" 

Environment Variables:
JAVA_TOOL_OPTIONS=-Dfile.encoding=UTF-8
PATH=C:\Users\user\Scripts\;C:\Users\user\;C:\Python312\Scripts\;C:\Python312\;C:\Program Files\Common Files\Oracle\Java\javapath;C:\Program Files (x86)\Common Files\Oracle\Java\javapath;C:\windows\system32;C:\windows;C:\windows\System32\Wbem;C:\windows\System32\WindowsPowerShell\v1.0\;C:\windows\System32\OpenSSH\;C:\Program Files (x86)\NVIDIA Corporation\PhysX\Common;C:\Program Files\NVIDIA Corporation\NVIDIA NvDLISR;C:\Program Files\Git\cmd;C:\ProgramData\chocolatey\bin;C:\Program Files\Docker\Docker\resources\bin;C:\Program Files\dotnet\;c:\Xilinx\bin\nt;C:\WINDOWS\system32;C:\WINDOWS;C:\WINDOWS\System32\Wbem;C:\WINDOWS\System32\WindowsPowerShell\v1.0\;C:\WINDOWS\System32\OpenSSH\;C:\Program Files\PostgreSQL\13;C:\Users\user\AppData\Local\nvm;C:\nvm4w\nodejs;C:\Program Files\Java\jdk-17\bin;C:\Program Files (x86)\Windows Kits\10\Windows Performance Toolkit\;C:\Program Files\PuTTY\;C:\Users\user\AppData\Roaming\Microsoft\Windows\Start Menu\Programs\Python 3.13;D:\Mobile\bin;C:\Users\user\.pyenv\pyenv-win\bin;C:\Users\user\.pyenv\pyenv-win\shims;C:\Python311\Scripts\;C:\Python311\;C:\Users\user\AppData\Local\Microsoft\WindowsApps;C:\Users\user\AppData\Local\Programs\Microsoft VS Code\bin;D:\PyCharm Community Edition 2023.1.2\bin;C:\Users\user\OneDrive\\PyCharm 2023.2.1\bin;C:\src\flutter\bin;C:\Users\user\AppData\Local\Android\tools;C:\Users\user\AppData\Local\Android\tools\bin;C:\Users\user\AppData\Local\Android\Sdk\platform-tools;C:\Users\user\AppData\Roaming\npm;C:\Users\user\AppData\Local\GitHubDesktop\bin;D:\IntelliJ IDEA 2025.1\bin;C:\Program Files\PostgreSQL\13;C:\Users\user\AppData\Local\nvm;C:\nvm4w\nodejs;C:\Program Files\Java\jdk-17\bin;C:\Program Files\MySQL\MySQL Server 9.3\bin;C:\Users\user\AppData\Roaming\Microsoft\Windows\Start Menu\Programs\Python 3.13;C:\Users\user\AppData\Local\Programs\mongosh\;C:\Users\user\AppData\Local\Programs\Antigravity\bin;D:\Mobile\flutter\bin;C:\Users\user\go\bin
USERNAME=user
OS=Windows_NT
PROCESSOR_IDENTIFIER=Intel64 Family 6 Model 154 Stepping 3, GenuineIntel
TMP=C:\Users\user\AppData\Local\Temp
TEMP=C:\Users\user\AppData\Local\Temp




Periodic native trim disabled

---------------  S Y S T E M  ---------------

OS:
 Windows 11 , 64 bit Build 26100 (10.0.26100.7019)
OS uptime: 5 days 4:40 hours
Hyper-V role detected

CPU: total 16 (initial active 16) (8 cores per cpu, 2 threads per core) family 6 model 154 stepping 3 microcode 0x42c, cx8, cmov, fxsr, ht, mmx, 3dnowpref, sse, sse2, sse3, ssse3, sse4.1, sse4.2, popcnt, lzcnt, tsc, tscinvbit, avx, avx2, aes, erms, clmul, bmi1, bmi2, adx, sha, fma, vzeroupper, clflush, clflushopt, clwb, hv, serialize, rdtscp, rdpid, fsrm, f16c, cet_ibt, cet_ss
Processor Information for processor 0
  Max Mhz: 2500, Current Mhz: 1532, Mhz Limit: 2500
Processor Information for processor 1
  Max Mhz: 2500, Current Mhz: 2500, Mhz Limit: 2500
Processor Information for processor 2
  Max Mhz: 2500, Current Mhz: 2500, Mhz Limit: 2500
Processor Information for processor 3
  Max Mhz: 2500, Current Mhz: 2500, Mhz Limit: 2500
Processor Information for processor 4
  Max Mhz: 2500, Current Mhz: 2500, Mhz Limit: 2500
Processor Information for processor 5
  Max Mhz: 2500, Current Mhz: 2500, Mhz Limit: 2500
Processor Information for processor 6
  Max Mhz: 2500, Current Mhz: 2500, Mhz Limit: 2500
Processor Information for processor 7
  Max Mhz: 2500, Current Mhz: 2500, Mhz Limit: 2500
Processor Information for processor 8
  Max Mhz: 2500, Current Mhz: 1800, Mhz Limit: 1800
Processor Information for processor 9
  Max Mhz: 2500, Current Mhz: 1800, Mhz Limit: 1800
Processor Information for processor 10
  Max Mhz: 2500, Current Mhz: 1800, Mhz Limit: 1800
Processor Information for processor 11
  Max Mhz: 2500, Current Mhz: 1800, Mhz Limit: 1800
Processor Information for processor 12
  Max Mhz: 2500, Current Mhz: 1800, Mhz Limit: 1800
Processor Information for processor 13
  Max Mhz: 2500, Current Mhz: 1800, Mhz Limit: 1800
Processor Information for processor 14
  Max Mhz: 2500, Current Mhz: 1800, Mhz Limit: 1800
Processor Information for processor 15
  Max Mhz: 2500, Current Mhz: 1800, Mhz Limit: 1800

Memory: 4k page, system-wide physical 16052M (1022M free)
TotalPageFile size 46520M (AvailPageFile size 11M)
current process WorkingSet (physical memory assigned to process): 160M, peak: 160M
current process commit charge ("private bytes"): 312M, peak: 313M

vm_info: OpenJDK 64-Bit Server VM (21.0.9+10-LTS) for windows-amd64 JRE (21.0.9+10-LTS), built on 2025-10-21T00:00:00Z by "admin" with unknown MS VC++:1942

END.
